JvmtiExport can_access_local_variables 0
JvmtiExport can_hotswap_or_post_breakpoint 1
JvmtiExport can_post_on_exceptions 0
# 699 ciObject found
ciInstanceKlass java/lang/invoke/LambdaForm$MH+0x0000000100000400 1 1 41 1 7 1 100 1 1 1 1 1 1 1 7 1 1 12 9 1 1 1 1 1 7 1 1 12 10 1 7 1 1 12 11 1 7 12 9 1 1 1 1
staticfield java/lang/invoke/LambdaForm$MH+0x0000000100000400 _D_0 Ljava/lang/invoke/LambdaForm; java/lang/invoke/LambdaForm
ciInstanceKlass java/util/IdentityHashMap 1 1 397 9 7 12 1 1 1 10 7 12 1 1 1 10 12 1 1 100 1 100 1 10 8 1 10 12 1 1 10 12 1 10 12 1 1 10 12 1 10 12 1 1 3 3 10 7 12 1 1 7 1 9 12 1 1 11 7 12 1 1 1 6 0 10 12 10 12 1 1 9 12 1 10 7 12 1 1 1 10 12 1 1 10 12 1 1 10 12 1 1 10 12 1 1 9 12 1 3 3 100 1 8 1 10 11 12 1 1 11 7 12 1 1 1 11 7 12 1 1 1 11 12 1 1 7 1 11 12 1 11 12 1 10 12 1 1 10 12 1 10 10 12 1 1 10 11 12 1 1 10 12 1 10 12 1 9 12 1 10 100 100 1 100 1 10 12 1 9 12 1 7 1 10 12 1 9 12 1 1 7 1 10 7 1 10 10 100 12 1 1 10 12 1 10 12 1 1 10 100 12 1 1 1 10 12 1 100 1 8 1 10 10 100 12 1 1 1 11 100 12 1 1 1 10 12 1 10 12 1 1 10 10 7 12 1 1 11 7 12 1 1 100 1 10 11 100 12 1 1 10 100 1 100 1 1 1 3 1 3 1 1 1 1 1 5 0 1 1 1 1 1 1 1 1 1 1 1 1 1 1 1 1 1 1 1 1 1 1 1 1 1 1 1 1 1 1 1 1 1 1 1 1 1 1 1 1 1 1 1 1 1 1 1 1 1 1 1 1 1 1 1 1 1 1 1 1 1 100 1 1 1 1 1 1 1 100 1 1 1 1 100 1 1 1 1 1 1 1 1 1 1 1 1 1 1 1 1 1 1 1 1 1 1 100 1 100 1 100 1 100 1 100 1 100 1 100 1 100 1 100 1 1 1 1 1 1 100 1 1 1 1 1 1 1 1 1 1
staticfield java/util/IdentityHashMap NULL_KEY Ljava/lang/Object; java/lang/Object
ciInstanceKlass java/util/function/BiFunction 1 1 65 10 100 12 1 1 1 18 12 1 1 11 100 12 1 1 11 100 12 1 100 1 1 1 1 1 1 1 1 1 1 1 1 1 1 1 1 1 1 1 1 1 1 1 1 1 1 1 15 10 100 12 1 1 1 16 15 11 12 1 100 1 100 1 1
ciInstanceKlass java/util/ListIterator 1 0 27 100 1 100 1 100 1 1 1 1 1 1 1 1 1 1 1 1 1 1 1 1 1 1 1 1 1
instanceKlass com/sun/tools/javac/file/Locations$SearchPath
ciInstanceKlass java/util/LinkedHashSet 1 1 70 10 7 12 1 1 1 4 11 7 12 1 1 1 10 7 12 1 1 1 10 7 12 1 1 1 100 1 10 7 12 1 1 1 100 1 100 1 100 1 1 1 1 5 0 1 1 1 1 1 1 1 1 1 1 1 1 1 1 1 1 1 1 1 1 1 1 1 1 1
instanceKlass com/android/tools/r8/internal/vK
instanceKlass com/android/tools/r8/internal/vK
instanceKlass com/android/tools/r8/internal/vK
instanceKlass com/android/tools/r8/internal/vK
instanceKlass com/android/tools/r8/internal/vK
instanceKlass com/android/tools/r8/internal/vK
instanceKlass com/android/tools/r8/internal/vK
instanceKlass com/android/tools/r8/internal/vK
instanceKlass com/android/tools/r8/internal/vK
instanceKlass org/codehaus/groovy/runtime/memoize/CommonCache$1
instanceKlass com/android/tools/r8/internal/vK
ciInstanceKlass java/util/LinkedHashMap 1 1 289 9 7 12 1 1 1 9 12 1 9 7 12 1 1 9 12 1 10 7 12 1 1 1 10 12 1 1 10 12 1 1 9 12 1 1 9 12 1 1 9 12 1 10 12 1 1 7 1 10 10 12 1 1 10 12 1 10 12 1 1 9 12 1 1 9 12 1 10 7 12 1 1 1 10 12 1 10 12 1 10 12 10 12 1 1 10 100 12 1 1 1 10 12 1 1 10 12 1 1 9 7 1 10 12 1 9 12 1 1 7 1 10 12 1 9 12 1 1 7 1 10 9 12 1 7 1 10 100 1 10 11 7 12 1 1 1 100 1 10 11 7 12 1 1 1 100 1 1 1 1 5 0 1 1 1 1 1 1 1 1 1 1 1 1 1 1 1 1 1 1 1 1 1 1 1 1 1 1 1 1 1 1 1 1 1 1 1 1 1 1 1 1 1 1 1 1 1 1 1 1 1 1 1 7 1 1 1 1 1 1 1 1 1 1 1 1 1 1 1 1 1 1 1 1 1 1 1 1 1 100 1 1 1 1 1 1 1 1 100 1 1 1 1 1 100 1 1 1 1 1 1 1 1 1 1 1 1 1 1 1 1 1 1 1 1 1 1 100 1 100 1 100 1 100 1 1 1 1 1 100 1 1 1 1 1 1 1 1
ciInstanceKlass java/lang/WeakPairMap$Pair$Weak 1 1 81 10 7 12 1 1 1 11 7 12 1 1 1 9 7 12 1 1 1 7 1 10 12 1 9 12 1 1 10 12 1 1 10 10 12 1 10 12 1 11 12 1 1 1 1 1 1 1 1 1 1 1 1 1 1 1 1 1 1 1 1 1 1 1 1 1 1 1 1 1 1 1 1 1 1 100 1 1 1 1 1
ciInstanceKlass java/util/HashMap$KeySet 1 1 128 9 7 12 1 1 1 10 7 12 1 1 1 9 7 12 1 1 1 10 12 1 7 1 10 12 1 10 12 1 1 10 12 1 1 10 12 1 1 7 1 10 12 1 7 1 10 12 1 1 10 12 1 100 1 10 9 12 1 1 9 12 1 9 7 12 1 1 1 11 7 12 1 1 1 9 12 1 1 100 1 10 1 1 1 1 1 1 1 1 1 1 1 1 1 1 1 1 1 1 1 1 1 1 1 1 1 1 1 1 1 1 1 1 1 1 1 100 1 1 1 1 1 1 1 1 1 1
ciInstanceKlass java/lang/invoke/MethodType$ConcurrentWeakInternSet$WeakEntry 1 1 57 10 7 12 1 1 1 10 7 12 1 1 1 9 7 12 1 1 1 10 12 1 1 10 12 1 1 1 1 1 1 1 1 1 1 1 1 1 1 1 1 1 1 1 1 1 1 1 1 1 100 1 1 100 1 1 1
ciInstanceKlass java/lang/invoke/DirectMethodHandle$Holder 1 1 483 1 100 1 100 1 1 1 1 1 1 1 7 1 1 12 10 1 12 10 1 7 1 7 1 1 12 10 1 1 1 1 12 10 1 1 12 10 1 1 12 10 1 1 12 10 1 1 12 10 1 1 12 10 1 1 12 10 1 1 12 10 1 1 12 10 1 1 12 10 1 1 12 10 1 1 12 10 1 1 12 10 1 1 12 10 1 1 12 10 1 1 12 10 1 1 12 10 1 1 12 10 1 1 12 10 1 1 12 10 1 1 12 10 1 1 12 10 1 1 12 10 1 1 12 10 1 1 12 10 1 1 12 10 1 1 12 10 1 1 12 10 1 1 12 10 1 1 12 10 1 1 1 12 10 1 1 12 10 1 1 1 1 12 10 1 1 12 10 1 1 12 10 1 1 12 10 1 1 12 10 1 1 12 10 1 1 12 10 1 1 12 10 1 1 12 10 1 1 12 10 12 10 12 10 12 10 1 1 12 10 12 10 12 10 1 1 12 10 12 10 12 10 12 10 1 1 12 10 1 1 12 10 1 1 12 10 1 1 12 10 1 1 12 10 1 1 12 10 1 1 12 10 1 1 12 10 1 1 12 10 1 1 12 10 1 1 12 10 1 1 12 10 1 1 12 10 12 10 12 10 12 10 1 12 10 1 1 12 10 1 1 12 10 1 1 1 1 12 10 12 10 1 1 12 10 1 12 10 12 10 1 1 12 10 1 12 10 12 10 1 1 1 12 10 1 12 10 1 100 1 1 12 9 1 100 1 12 10 1 12 10 1 1 1 12 10 1 12 10 1 1 12 10 1 12 10 1 1 1 12 10 1 12 10 1 1 12 10 1 12 10 1 1 12 10 1 12 10 1 1 12 10 1 12 10 1 1 12 10 1 12 10 1 1 12 10 1 12 10 1 1 12 10 1 12 10 1 1 12 10 1 12 10 1 1 1 12 10 1 12 10 1 1 1 12 10 1 12 10 1 1 1 1 12 10 1 12 10 1 1 1 12 10 1 12 10 1 1 1 1 1 12 10 1 12 10 1 1 1 12 10 1 12 10 1 1 1 12 10 1 12 10 1 1 12 10 1 12 10 1 1 1
ciInstanceKlass java/lang/WeakPairMap$Pair$Lookup 1 1 62 10 7 12 1 1 1 10 7 12 1 1 1 9 7 12 1 1 1 9 12 1 11 7 12 1 1 1 11 12 1 1 1 1 1 1 1 1 1 1 1 1 1 1 1 1 1 1 1 1 1 1 1 1 1 1 1 100 1 1 1 1
ciInstanceKlass java/util/function/Predicate 1 1 101 10 7 12 1 1 1 18 12 1 1 18 12 1 18 18 12 1 18 12 1 11 7 12 1 1 10 7 12 1 1 1 11 12 1 1 1 1 1 1 1 1 1 1 1 1 1 1 1 1 1 1 1 1 1 1 1 1 1 1 1 1 1 1 1 1 1 1 1 1 1 15 10 7 12 1 1 1 16 15 11 12 15 11 12 15 11 12 15 10 12 1 15 11 12 1 100 1 100 1 1
ciInstanceKlass java/lang/invoke/Invokers$Holder 1 1 99 1 100 1 100 1 1 1 1 1 1 1 7 1 7 1 7 1 1 12 10 1 1 12 10 1 1 12 10 1 1 100 1 1 12 9 1 1 1 12 10 1 1 1 12 10 1 1 12 10 1 1 1 12 10 1 1 100 1 1 12 10 1 1 12 10 1 1 12 10 1 12 10 1 1 12 10 1 1 12 10 1 12 10 1 12 10 12 10 1 1 12 10 1 12 10 1 1 1
ciInstanceKlass java/util/function/Function 1 1 77 10 7 12 1 1 1 18 12 1 1 18 18 12 1 11 7 12 1 100 1 1 1 1 1 1 1 1 1 1 1 1 1 1 1 1 1 1 1 1 1 1 1 1 1 1 1 1 1 1 1 1 1 1 15 10 7 12 1 1 1 16 15 11 12 15 11 12 15 11 12 1 100 1 100 1 1
ciInstanceKlass java/lang/invoke/ClassSpecializer$1 1 1 29 10 7 12 1 1 1 100 1 100 1 1 1 1 1 1 1 1 1 1 1 1 1 1 1 100 1 1 1
ciInstanceKlass java/lang/invoke/BoundMethodHandle$Species_L 1 1 125 10 7 12 1 1 1 9 7 12 1 1 1 9 12 1 1 10 12 1 9 7 12 1 1 1 10 7 12 1 1 1 10 12 1 1 10 7 12 1 1 1 100 1 10 100 12 1 1 1 9 12 1 10 12 1 9 12 1 10 12 1 9 12 1 10 12 1 9 12 1 10 12 1 10 12 1 1 10 12 1 1 1 1 1 1 1 1 1 1 1 1 1 1 1 1 1 1 1 1 1 1 1 1 1 1 1 1 1 1 1 1 1 1 1 1 1 1 1 1 1 1 100 1 1
instanceKlass java/util/ArrayList$ListItr
ciInstanceKlass java/util/ArrayList$Itr 1 1 103 9 7 12 1 1 1 10 7 12 1 1 1 9 12 1 1 9 7 12 1 1 9 12 1 9 12 1 9 12 1 10 12 1 100 1 10 9 12 1 1 100 1 10 100 1 10 10 12 1 1 100 1 10 100 12 1 1 1 10 12 1 1 11 100 12 1 1 1 100 1 1 1 1 1 1 1 1 1 1 1 1 1 1 1 100 1 1 1 1 1 1 1 1 1 1 1 1 1 1 1 1 1
ciInstanceKlass java/lang/invoke/DirectMethodHandle$Constructor 1 1 90 10 7 12 1 1 1 9 7 12 1 1 1 9 12 1 1 9 12 1 1 10 100 12 1 1 1 100 1 10 12 1 9 12 1 9 12 1 10 12 1 10 12 1 1 9 12 1 1 10 12 1 1 10 7 12 1 1 1 1 1 1 1 1 1 1 1 1 1 1 100 1 100 1 1 1 1 1 1 1 1 1 1 1 1 1 1 1 1 1
staticfield java/lang/invoke/DirectMethodHandle$Constructor $assertionsDisabled Z 1
instanceKlass java/util/JumboEnumSet
instanceKlass java/util/RegularEnumSet
ciInstanceKlass java/util/EnumSet 1 1 242 10 7 12 1 1 1 9 7 12 1 1 1 9 12 1 1 10 12 1 1 100 1 100 1 10 10 12 1 1 8 1 10 12 1 10 12 1 1 10 12 1 7 1 10 12 1 7 1 10 10 12 1 1 10 12 1 10 12 1 1 11 7 12 1 1 1 100 1 8 1 10 11 12 1 1 11 7 12 1 1 1 7 1 10 12 1 1 11 12 1 10 12 1 1 10 12 1 1 10 12 1 10 12 1 1 10 12 1 1 8 1 10 12 1 1 10 7 12 1 100 1 100 1 10 12 1 10 12 1 10 7 12 1 1 8 1 10 7 12 1 1 1 11 7 12 1 1 100 1 10 12 1 100 1 8 1 10 100 1 100 1 1 1 1 5 0 1 1 1 1 1 1 1 1 1 1 1 1 100 1 1 1 1 1 1 1 1 1 1 1 1 1 1 1 1 1 1 1 1 1 1 1 1 1 1 1 1 1 1 1 1 1 1 1 1 1 1 1 1 1 1 1 1 1 1 1 1 1 1 1 1 1 1 1 1 1 1 1 1 1 1
instanceKlass com/android/tools/r8/internal/NR
instanceKlass com/android/tools/r8/internal/Km
instanceKlass com/android/tools/r8/internal/jg0
instanceKlass com/android/tools/r8/internal/C5
instanceKlass com/android/tools/r8/internal/AC
instanceKlass com/android/tools/r8/internal/kg0
instanceKlass com/android/tools/r8/internal/lg0
instanceKlass com/android/tools/r8/internal/cA
instanceKlass com/android/tools/r8/internal/Ez
instanceKlass com/android/tools/r8/internal/rh0
instanceKlass com/android/tools/r8/internal/sh0
instanceKlass com/android/tools/r8/internal/th0
instanceKlass com/android/tools/r8/internal/ph0
instanceKlass com/android/tools/r8/internal/oh0
instanceKlass com/android/tools/r8/internal/qh0
instanceKlass com/android/tools/r8/internal/Kc
instanceKlass com/android/tools/r8/internal/Qp
instanceKlass com/android/tools/r8/internal/Ht
instanceKlass com/android/tools/r8/synthesis/L
instanceKlass com/android/tools/r8/synthesis/M
instanceKlass com/android/tools/r8/internal/ns
instanceKlass com/android/tools/r8/internal/vM
instanceKlass com/android/tools/r8/internal/Pq
instanceKlass com/android/tools/r8/internal/Ll
instanceKlass com/android/tools/r8/graph/a1
instanceKlass com/android/tools/r8/graph/V0
instanceKlass com/android/tools/r8/internal/Ml
instanceKlass com/android/tools/r8/internal/dc
instanceKlass com/android/tools/r8/internal/to
instanceKlass com/android/tools/r8/internal/Wa
instanceKlass com/android/tools/r8/internal/ms
instanceKlass org/gradle/execution/plan/DefaultPlanExecutor$ExecutorState$HealthState
instanceKlass com/android/ide/common/symbols/SymbolListWithPackageNameWriter
instanceKlass com/android/zipflinger/EndOfCentralDirectory
instanceKlass com/android/tools/r8/internal/pl
instanceKlass com/android/build/gradle/internal/dependency/DexingOutputSplitTransform$WhenMappings
instanceKlass com/android/tools/r8/internal/DT
instanceKlass com/android/tools/r8/naming/N
instanceKlass com/android/tools/r8/internal/Dd
instanceKlass com/android/tools/r8/internal/Ed
instanceKlass com/android/tools/r8/internal/Fd
instanceKlass com/android/tools/r8/internal/bm
instanceKlass com/android/tools/r8/ByteDataView
instanceKlass com/android/tools/r8/dex/G
instanceKlass com/android/zipflinger/Zip64
instanceKlass com/android/zipflinger/CentralDirectoryRecord
instanceKlass com/android/tools/r8/dex/I
instanceKlass com/android/zipflinger/LocalFileHeader
instanceKlass com/android/tools/r8/internal/a9
instanceKlass com/android/zipflinger/Ints
instanceKlass com/android/zipflinger/Source
instanceKlass com/android/zipflinger/Sources
instanceKlass com/android/tools/r8/internal/on
instanceKlass com/android/tools/r8/internal/aL
instanceKlass com/android/tools/r8/dex/u
instanceKlass com/android/zipflinger/ZipReader
instanceKlass com/android/zipflinger/ZipWriter
instanceKlass com/android/zipflinger/FreeStore$Zone
instanceKlass com/android/zipflinger/FreeStore
instanceKlass com/android/zipflinger/CentralDirectory
instanceKlass com/android/zipflinger/Location
instanceKlass com/android/zipflinger/ZipInfo
instanceKlass com/android/tools/r8/naming/V
instanceKlass com/android/tools/r8/naming/U
instanceKlass com/android/zipflinger/ZipArchive
instanceKlass com/android/zipflinger/Archive
instanceKlass com/android/tools/r8/dex/v
instanceKlass com/android/tools/r8/dex/H
instanceKlass com/android/tools/r8/dex/F
instanceKlass com/android/builder/packaging/JarFlinger$Relocator
instanceKlass com/android/builder/packaging/JarFlinger
instanceKlass com/android/tools/r8/dex/s
instanceKlass com/android/tools/r8/dex/y
instanceKlass com/android/builder/symbols/BytecodeRClassWriterKt
instanceKlass com/android/tools/r8/graph/x5
instanceKlass com/google/common/collect/NullnessCasts
instanceKlass com/android/tools/r8/dex/L
instanceKlass com/android/tools/r8/internal/Yh
instanceKlass com/android/tools/r8/internal/Df0
instanceKlass com/android/tools/r8/internal/n1
instanceKlass com/android/tools/r8/internal/PK
instanceKlass com/android/tools/r8/internal/Dc
instanceKlass com/android/tools/r8/internal/IK
instanceKlass com/android/tools/r8/graph/r5
instanceKlass com/android/tools/r8/internal/Bk
instanceKlass com/android/tools/r8/shaking/a1
instanceKlass com/android/tools/r8/shaking/Z0
instanceKlass com/android/tools/r8/utils/structural/i
instanceKlass com/android/tools/r8/internal/E
instanceKlass com/android/tools/r8/shaking/c1
instanceKlass com/android/tools/r8/shaking/X0
instanceKlass com/android/tools/r8/internal/D
instanceKlass com/android/tools/r8/shaking/l1
instanceKlass com/android/tools/r8/internal/Ps
instanceKlass com/android/tools/r8/internal/Qs
instanceKlass com/android/tools/r8/utils/structural/m
instanceKlass com/android/tools/r8/internal/oC
instanceKlass com/android/tools/r8/synthesis/k
instanceKlass com/android/tools/r8/FeatureSplit
instanceKlass com/android/tools/r8/shaking/m1
instanceKlass com/android/tools/r8/internal/kC
instanceKlass com/android/tools/r8/dex/r0
instanceKlass com/android/tools/r8/dex/p0
instanceKlass com/android/tools/r8/dex/q0
instanceKlass com/android/tools/r8/internal/MK
instanceKlass com/android/tools/r8/naming/b
instanceKlass com/android/tools/r8/internal/iT
instanceKlass com/android/tools/r8/internal/uk
instanceKlass com/android/tools/r8/internal/g5
instanceKlass com/android/tools/r8/dex/m0
instanceKlass com/android/tools/r8/internal/iN
instanceKlass com/android/tools/r8/internal/pL
instanceKlass com/android/tools/r8/internal/Wq
instanceKlass com/android/tools/r8/internal/vk
instanceKlass com/android/tools/r8/dex/n0
instanceKlass com/android/tools/r8/internal/gl0
instanceKlass com/android/tools/r8/dex/s0
instanceKlass com/android/tools/r8/dex/M
instanceKlass com/android/tools/r8/startup/diagnostic/MissingStartupProfileItemsDiagnostic$a
instanceKlass com/android/tools/r8/graph/Q3
instanceKlass com/android/tools/r8/internal/km
instanceKlass com/android/tools/r8/internal/Gd
instanceKlass com/android/tools/r8/internal/yk0
instanceKlass com/android/tools/r8/internal/Ck0
instanceKlass com/android/tools/r8/internal/Ek0
instanceKlass com/android/tools/r8/internal/m7
instanceKlass com/android/tools/r8/internal/Bk0
instanceKlass com/android/tools/r8/internal/Ak0
instanceKlass com/android/tools/r8/internal/bk0
instanceKlass com/android/builder/internal/aapt/v2/Aapt2DaemonImpl$WaitForTaskCompletion$Result
instanceKlass com/android/tools/r8/internal/ak0
instanceKlass com/android/tools/r8/internal/Ok0
instanceKlass com/android/tools/r8/internal/ZC
instanceKlass com/android/tools/r8/internal/XL
instanceKlass com/android/tools/r8/SourceFileEnvironment
instanceKlass com/android/tools/r8/internal/eB
instanceKlass com/android/tools/r8/dex/i0
instanceKlass com/android/tools/r8/internal/cX
instanceKlass com/android/tools/r8/dex/X
instanceKlass com/android/tools/r8/dex/r
instanceKlass com/android/tools/r8/internal/VT
instanceKlass com/android/tools/r8/internal/Q2
instanceKlass com/android/tools/r8/internal/R2
instanceKlass com/android/tools/r8/internal/P2
instanceKlass com/android/tools/r8/kotlin/Z
instanceKlass com/android/tools/r8/internal/Aa
instanceKlass com/android/tools/r8/graph/W3
instanceKlass com/android/tools/r8/internal/VM
instanceKlass com/android/tools/r8/internal/gs
instanceKlass com/android/tools/r8/internal/xl
instanceKlass com/android/tools/r8/internal/wl
instanceKlass com/android/tools/r8/internal/DY
instanceKlass com/android/tools/r8/internal/IU
instanceKlass com/android/tools/r8/internal/Ts
instanceKlass com/android/tools/r8/synthesis/w
instanceKlass com/android/tools/r8/synthesis/v
instanceKlass com/android/tools/r8/synthesis/u
instanceKlass com/android/tools/r8/internal/Jj0
instanceKlass com/android/tools/r8/internal/W5
instanceKlass com/android/tools/r8/internal/GR
instanceKlass com/android/tools/r8/internal/RR
instanceKlass com/android/tools/r8/synthesis/y
instanceKlass com/android/tools/r8/internal/YL
instanceKlass com/android/tools/r8/internal/SL
instanceKlass com/android/tools/r8/ir/regalloc/g
instanceKlass com/android/tools/r8/internal/q7
instanceKlass com/android/tools/r8/internal/hh
instanceKlass com/android/tools/r8/internal/ma
instanceKlass com/android/tools/r8/internal/Yh0
instanceKlass com/android/tools/r8/internal/Zh0
instanceKlass com/android/tools/r8/internal/AR
instanceKlass com/android/tools/r8/internal/C0
instanceKlass com/android/tools/r8/references/ArrayReference
instanceKlass com/android/tools/r8/internal/gZ
instanceKlass com/android/tools/r8/internal/zR
instanceKlass com/android/tools/r8/internal/eg0
instanceKlass com/android/tools/r8/internal/Ek
instanceKlass com/android/tools/r8/internal/tB
instanceKlass com/android/tools/r8/internal/fh
instanceKlass com/android/tools/r8/internal/A3
instanceKlass com/android/tools/r8/internal/TV
instanceKlass com/android/tools/r8/internal/XM
instanceKlass com/android/tools/r8/internal/zh
instanceKlass com/android/tools/r8/internal/gg0
instanceKlass com/android/tools/r8/internal/fg0
instanceKlass com/android/tools/r8/internal/mg0
instanceKlass com/android/tools/r8/internal/bC
instanceKlass com/android/tools/r8/internal/TR
instanceKlass com/android/tools/r8/internal/Mg0
instanceKlass com/android/tools/r8/internal/Og0
instanceKlass com/android/tools/r8/internal/Ng0
instanceKlass com/android/tools/r8/ir/optimize/g0
instanceKlass com/android/tools/r8/internal/Lg0
instanceKlass com/android/tools/r8/internal/Qg0
instanceKlass com/android/tools/r8/internal/Rp
instanceKlass com/android/tools/r8/internal/Rg0
instanceKlass com/android/tools/r8/internal/du
instanceKlass com/android/tools/r8/internal/E40
instanceKlass com/android/tools/r8/internal/J40
instanceKlass com/android/tools/r8/internal/GK
instanceKlass com/android/tools/r8/internal/HK
instanceKlass com/android/tools/r8/internal/kn0
instanceKlass com/android/tools/r8/graph/L2
instanceKlass com/android/tools/r8/internal/NB
instanceKlass com/android/tools/r8/internal/jm
instanceKlass com/android/tools/r8/dex/code/V
instanceKlass com/android/tools/r8/internal/lm
instanceKlass com/android/tools/r8/internal/ln0
instanceKlass com/android/tools/r8/internal/nl
instanceKlass com/android/tools/r8/internal/ug0
instanceKlass com/android/tools/r8/internal/rC
instanceKlass com/android/tools/r8/internal/pU
instanceKlass com/android/tools/r8/ir/regalloc/h
instanceKlass com/android/tools/r8/internal/B5
instanceKlass com/android/tools/r8/internal/mN
instanceKlass com/android/tools/r8/internal/m
instanceKlass com/android/tools/r8/ir/regalloc/m
instanceKlass com/android/tools/r8/internal/HL
instanceKlass com/android/tools/r8/internal/F1
instanceKlass com/android/tools/r8/graph/i3
instanceKlass com/android/tools/r8/internal/bu
instanceKlass com/android/tools/r8/internal/BN
instanceKlass com/android/tools/r8/internal/xt
instanceKlass com/android/tools/r8/internal/KZ
instanceKlass com/android/tools/r8/internal/l9
instanceKlass com/android/tools/r8/internal/w8
instanceKlass com/android/tools/r8/internal/Sk0
instanceKlass com/android/tools/r8/internal/Md0
instanceKlass com/android/tools/r8/androidapi/h
instanceKlass com/android/tools/r8/internal/sU
instanceKlass com/android/tools/r8/internal/ao0
instanceKlass com/android/tools/r8/graph/i1
instanceKlass com/android/tools/r8/internal/Fa
instanceKlass com/android/tools/r8/ir/optimize/W
instanceKlass com/android/tools/r8/ir/optimize/O
instanceKlass com/android/tools/r8/graph/Z0
instanceKlass com/android/tools/r8/graph/Y2
instanceKlass com/android/tools/r8/internal/fz
instanceKlass com/android/tools/r8/graph/U0
instanceKlass com/android/tools/r8/dex/code/a
instanceKlass com/android/tools/r8/internal/a8
instanceKlass com/android/tools/r8/internal/Bt
instanceKlass com/android/tools/r8/internal/yl
instanceKlass com/android/tools/r8/ir/optimize/a0
instanceKlass com/android/tools/r8/ir/optimize/e0
instanceKlass com/android/tools/r8/c
instanceKlass com/android/tools/r8/internal/iC
instanceKlass com/android/tools/r8/ir/regalloc/n
instanceKlass com/android/tools/r8/ir/regalloc/d
instanceKlass com/android/tools/r8/internal/Dt
instanceKlass com/android/tools/r8/ir/regalloc/e
instanceKlass com/android/tools/r8/ir/regalloc/c
instanceKlass com/android/tools/r8/ir/regalloc/j
instanceKlass com/android/tools/r8/ir/regalloc/b
instanceKlass com/android/tools/r8/ir/optimize/t0
instanceKlass com/android/tools/r8/graph/a3
instanceKlass com/android/tools/r8/ir/regalloc/f
instanceKlass com/android/tools/r8/internal/iV
instanceKlass com/android/tools/r8/internal/kV
instanceKlass com/android/tools/r8/internal/c8$a
instanceKlass com/android/tools/r8/internal/c8
instanceKlass com/android/tools/r8/internal/nV
instanceKlass com/android/tools/r8/ir/optimize/L
instanceKlass com/android/tools/r8/synthesis/H
instanceKlass com/android/tools/r8/internal/an0
instanceKlass com/android/tools/r8/internal/S5
instanceKlass com/android/tools/r8/ir/optimize/y
instanceKlass com/android/tools/r8/internal/W0
instanceKlass com/android/tools/r8/ir/optimize/n0
instanceKlass com/android/tools/r8/ir/optimize/z
instanceKlass com/android/tools/r8/ir/optimize/l0
instanceKlass com/android/tools/r8/internal/yh0
instanceKlass com/android/tools/r8/ir/optimize/j0
instanceKlass com/android/tools/r8/internal/H5
instanceKlass com/android/tools/r8/ir/optimize/k0
instanceKlass com/android/tools/r8/internal/I5
instanceKlass com/android/tools/r8/internal/ai
instanceKlass com/android/tools/r8/ir/optimize/m0
instanceKlass com/android/tools/r8/internal/I1
instanceKlass com/android/tools/r8/ir/optimize/p0
instanceKlass com/android/tools/r8/internal/cn0
instanceKlass com/android/tools/r8/ir/optimize/u
instanceKlass com/android/tools/r8/internal/n7
instanceKlass com/android/tools/r8/internal/Lm
instanceKlass com/android/tools/r8/internal/Be0
instanceKlass com/android/tools/r8/internal/Pg0
instanceKlass com/android/tools/r8/internal/A50
instanceKlass com/android/tools/r8/internal/T40
instanceKlass com/android/tools/r8/internal/pg0
instanceKlass com/android/tools/r8/internal/Kg0
instanceKlass com/android/tools/r8/internal/Bg0
instanceKlass com/android/tools/r8/internal/Ig0
instanceKlass com/android/tools/r8/internal/ri
instanceKlass com/android/tools/r8/internal/qi
instanceKlass com/android/tools/r8/internal/Ij0
instanceKlass com/android/tools/r8/internal/rg0
instanceKlass com/android/tools/r8/internal/qB
instanceKlass com/android/tools/r8/internal/om
instanceKlass com/android/tools/r8/internal/D5
instanceKlass com/android/tools/r8/internal/Ih
instanceKlass com/android/tools/r8/internal/EO
instanceKlass com/android/tools/r8/internal/tg0
instanceKlass com/android/tools/r8/internal/A1
instanceKlass com/android/tools/r8/internal/yR
instanceKlass com/android/tools/r8/ir/optimize/b
instanceKlass com/android/tools/r8/internal/Kr
instanceKlass com/android/tools/r8/internal/zr
instanceKlass com/android/tools/r8/ir/optimize/t
instanceKlass com/android/tools/r8/internal/Gt
instanceKlass com/android/tools/r8/internal/Nw
instanceKlass com/android/tools/r8/internal/J5
instanceKlass com/android/tools/r8/internal/Ft
instanceKlass com/android/tools/r8/internal/Rj0
instanceKlass com/android/tools/r8/internal/Ld
instanceKlass com/android/tools/r8/internal/uh0
instanceKlass com/android/tools/r8/internal/G40
instanceKlass com/android/tools/r8/internal/Ct
instanceKlass com/android/tools/r8/ir/optimize/r
instanceKlass com/android/tools/r8/internal/Pk0
instanceKlass com/android/tools/r8/internal/K5
instanceKlass com/android/tools/r8/internal/yi
instanceKlass com/android/tools/r8/ir/optimize/a
instanceKlass com/android/tools/r8/internal/Et
instanceKlass com/android/tools/r8/internal/It
instanceKlass com/android/tools/r8/internal/ch
instanceKlass com/android/tools/r8/internal/Y0
instanceKlass com/android/tools/r8/internal/eW
instanceKlass com/android/tools/r8/internal/oW
instanceKlass com/android/tools/r8/internal/ff
instanceKlass com/android/tools/r8/dex/code/z1
instanceKlass com/android/tools/r8/internal/uW
instanceKlass com/android/tools/r8/internal/in0
instanceKlass com/android/tools/r8/internal/yt
instanceKlass com/android/tools/r8/graph/proto/b
instanceKlass com/android/tools/r8/internal/cy
instanceKlass com/android/tools/r8/internal/tl
instanceKlass com/android/tools/r8/ir/optimize/E
instanceKlass com/android/tools/r8/internal/n40
instanceKlass com/android/tools/r8/internal/AA
instanceKlass com/android/tools/r8/internal/QT
instanceKlass com/android/tools/r8/internal/Ka
instanceKlass com/android/tools/r8/internal/Jz
instanceKlass com/android/tools/r8/internal/Ba
instanceKlass com/android/tools/r8/internal/Ca
instanceKlass com/android/tools/r8/internal/w50
instanceKlass com/android/tools/r8/internal/Rz
instanceKlass com/android/tools/r8/internal/r8
instanceKlass com/android/tools/r8/internal/G5
instanceKlass com/android/tools/r8/internal/ut
instanceKlass com/android/tools/r8/internal/Lt
instanceKlass com/android/tools/r8/internal/ZT
instanceKlass com/android/tools/r8/internal/J
instanceKlass com/android/tools/r8/internal/hx
instanceKlass com/android/tools/r8/internal/Ww
instanceKlass com/android/tools/r8/graph/proto/d
instanceKlass com/android/tools/r8/graph/proto/c
instanceKlass com/android/tools/r8/internal/ry
instanceKlass com/android/tools/r8/graph/proto/j
instanceKlass com/android/tools/r8/internal/Q
instanceKlass com/android/tools/r8/internal/cz
instanceKlass com/android/tools/r8/internal/My
instanceKlass com/android/tools/r8/internal/zt
instanceKlass com/android/tools/r8/internal/n8
instanceKlass com/android/tools/r8/internal/Qa
instanceKlass com/android/tools/r8/internal/Hz
instanceKlass com/android/tools/r8/internal/Da
instanceKlass com/android/tools/r8/internal/sx
instanceKlass com/android/tools/r8/graph/e
instanceKlass com/android/tools/r8/internal/wr
instanceKlass com/android/tools/r8/internal/gn0
instanceKlass com/android/tools/r8/internal/C8
instanceKlass com/android/tools/r8/graph/C4
instanceKlass com/android/tools/r8/internal/F8
instanceKlass com/android/tools/r8/internal/n9
instanceKlass com/android/tools/r8/graph/R4
instanceKlass com/android/tools/r8/internal/EX
instanceKlass com/android/tools/r8/internal/m9
instanceKlass com/android/tools/r8/internal/uo0
instanceKlass com/android/tools/r8/utils/a
instanceKlass com/android/tools/r8/graph/F
instanceKlass com/android/tools/r8/graph/O4
instanceKlass com/android/tools/r8/internal/gC
instanceKlass com/android/tools/r8/graph/P4
instanceKlass com/android/tools/r8/references/ClassReference
instanceKlass com/android/tools/r8/internal/t5
instanceKlass com/android/tools/r8/references/PrimitiveReference
instanceKlass com/android/tools/r8/references/Reference
instanceKlass com/android/tools/r8/position/MethodPosition
instanceKlass com/android/tools/r8/graph/C0
instanceKlass com/android/tools/r8/internal/x5
instanceKlass com/android/tools/r8/K
instanceKlass com/android/tools/r8/internal/JK
instanceKlass com/android/tools/r8/shaking/h2
instanceKlass com/android/tools/r8/internal/od
instanceKlass com/android/tools/r8/internal/ll
instanceKlass com/android/tools/r8/internal/a40
instanceKlass com/android/tools/r8/internal/Qi0
instanceKlass com/android/tools/r8/internal/Ri0
instanceKlass com/android/tools/r8/internal/Pi0
instanceKlass com/android/tools/r8/internal/Oi0
instanceKlass com/android/tools/r8/internal/h00
instanceKlass com/android/tools/r8/internal/O8
instanceKlass com/android/tools/r8/internal/ac
instanceKlass com/android/tools/r8/internal/Nq
instanceKlass com/android/tools/r8/internal/E9
instanceKlass com/android/tools/r8/internal/Ck
instanceKlass com/android/tools/r8/internal/cl
instanceKlass com/android/tools/r8/internal/Wj0
instanceKlass com/android/tools/r8/internal/Q8
instanceKlass com/android/tools/r8/internal/nn0
instanceKlass com/android/tools/r8/internal/Tk
instanceKlass com/android/tools/r8/internal/el
instanceKlass com/android/tools/r8/internal/nn
instanceKlass com/android/tools/r8/internal/UZ
instanceKlass com/android/tools/r8/internal/KK
instanceKlass com/android/tools/r8/ir/optimize/s0
instanceKlass com/android/tools/r8/internal/fQ
instanceKlass com/android/tools/r8/internal/zw
instanceKlass com/android/tools/r8/internal/On
instanceKlass com/android/tools/r8/ir/optimize/c
instanceKlass com/android/tools/r8/internal/gh
instanceKlass com/android/tools/r8/errors/UnsupportedFeatureDiagnostic
instanceKlass com/android/tools/r8/internal/rm0
instanceKlass com/android/tools/r8/internal/um0
instanceKlass com/android/tools/r8/internal/B7
instanceKlass com/android/tools/r8/internal/QB
instanceKlass com/android/tools/r8/internal/PB
instanceKlass com/android/tools/r8/internal/tg
instanceKlass com/android/tools/r8/ir/optimize/J0
instanceKlass com/android/tools/r8/internal/ug
instanceKlass com/android/tools/r8/internal/dX
instanceKlass com/android/tools/r8/internal/mn
instanceKlass com/android/tools/r8/internal/GA
instanceKlass com/android/tools/r8/internal/EA
instanceKlass com/android/tools/r8/internal/CA
instanceKlass com/android/tools/r8/internal/LK
instanceKlass com/android/tools/r8/internal/NK
instanceKlass com/android/tools/r8/internal/Yg0
instanceKlass com/android/tools/r8/internal/fl0
instanceKlass com/android/tools/r8/internal/el0
instanceKlass com/android/tools/r8/utils/v
instanceKlass com/android/tools/r8/graph/Z
instanceKlass com/android/tools/r8/internal/Ac
instanceKlass com/android/tools/r8/graph/W
instanceKlass com/android/tools/r8/internal/NW
instanceKlass com/android/tools/r8/internal/rl0
instanceKlass com/android/tools/r8/internal/Ae0
instanceKlass com/android/tools/r8/internal/he
instanceKlass com/android/tools/r8/internal/PO
instanceKlass com/android/tools/r8/internal/OO
instanceKlass com/android/tools/r8/internal/s5
instanceKlass com/android/tools/r8/internal/p5
instanceKlass com/android/tools/r8/internal/f5
instanceKlass com/android/tools/r8/internal/k5
instanceKlass com/android/tools/r8/internal/l5
instanceKlass com/android/tools/r8/internal/m5
instanceKlass com/android/tools/r8/internal/r5
instanceKlass com/android/tools/r8/internal/XR
instanceKlass com/android/tools/r8/graph/f
instanceKlass com/android/tools/r8/internal/M2
instanceKlass com/android/tools/r8/internal/L2
instanceKlass com/android/tools/r8/internal/f9
instanceKlass com/android/tools/r8/internal/VR
instanceKlass com/android/tools/r8/internal/xs
instanceKlass com/android/tools/r8/ir/optimize/M
instanceKlass com/android/tools/r8/ir/optimize/d
instanceKlass com/android/tools/r8/ir/optimize/e
instanceKlass com/android/tools/r8/ir/optimize/F
instanceKlass com/android/tools/r8/ir/optimize/w
instanceKlass com/android/tools/r8/internal/Kd
instanceKlass com/android/tools/r8/ir/optimize/w0
instanceKlass com/android/tools/r8/internal/p7
instanceKlass com/android/tools/r8/internal/Kw
instanceKlass com/android/tools/r8/internal/Sg0
instanceKlass com/android/tools/r8/internal/Tg0
instanceKlass com/android/tools/r8/internal/vi
instanceKlass com/android/tools/r8/internal/pB
instanceKlass com/android/tools/r8/internal/xr
instanceKlass com/android/tools/r8/internal/vs
instanceKlass com/android/tools/r8/internal/Um0
instanceKlass com/android/tools/r8/internal/bo0
instanceKlass com/android/tools/r8/internal/Md
instanceKlass com/android/tools/r8/internal/JX
instanceKlass com/android/tools/r8/internal/c2
instanceKlass com/android/tools/r8/internal/mz
instanceKlass com/android/tools/r8/ir/optimize/x
instanceKlass com/android/tools/r8/graph/J5
instanceKlass com/android/tools/r8/graph/H5
instanceKlass com/android/tools/r8/internal/fn0
instanceKlass com/android/tools/r8/internal/Pl0
instanceKlass com/android/tools/r8/graph/d
instanceKlass com/android/tools/r8/shaking/j
instanceKlass com/android/tools/r8/graph/d3
instanceKlass com/android/tools/r8/internal/xj0
instanceKlass com/android/tools/r8/internal/k9
instanceKlass com/android/tools/r8/internal/Hx
instanceKlass com/android/tools/r8/graph/o5
instanceKlass com/android/tools/r8/graph/l5
instanceKlass com/android/tools/r8/internal/L
instanceKlass com/android/tools/r8/internal/Ox
instanceKlass com/android/tools/r8/internal/aZ
instanceKlass com/android/tools/r8/shaking/p1
instanceKlass com/android/tools/r8/internal/Uq
instanceKlass com/android/tools/r8/internal/Za
instanceKlass com/android/tools/r8/internal/Oa
instanceKlass com/android/tools/r8/internal/Tv
instanceKlass com/android/tools/r8/internal/Zb
instanceKlass com/android/tools/r8/internal/b8
instanceKlass com/android/tools/r8/position/TextPosition
instanceKlass com/android/tools/r8/internal/ih
instanceKlass com/android/tools/r8/position/TextRange
instanceKlass com/android/tools/r8/internal/IZ
instanceKlass com/android/tools/r8/internal/Pv
instanceKlass com/android/tools/r8/utils/structural/u
instanceKlass com/android/tools/r8/internal/pa
instanceKlass com/android/tools/r8/internal/bl
instanceKlass com/android/tools/r8/internal/dl
instanceKlass com/android/tools/r8/internal/uA
instanceKlass com/android/tools/r8/internal/fl
instanceKlass com/android/tools/r8/graph/a6
instanceKlass com/android/tools/r8/internal/s8
instanceKlass com/android/tools/r8/internal/JA
instanceKlass com/android/tools/r8/internal/Uk
instanceKlass com/android/tools/r8/internal/Sk
instanceKlass com/android/tools/r8/internal/o9
instanceKlass com/android/tools/r8/internal/wy
instanceKlass com/android/tools/r8/internal/i9$a
instanceKlass com/android/tools/r8/internal/ye0
instanceKlass com/android/tools/r8/internal/W
instanceKlass com/android/tools/r8/internal/kw
instanceKlass com/android/tools/r8/internal/b2
instanceKlass com/android/tools/r8/graph/G$a
instanceKlass com/android/tools/r8/internal/K
instanceKlass com/android/tools/r8/graph/j0
instanceKlass com/android/tools/r8/internal/Qd0
instanceKlass com/android/tools/r8/internal/y5
instanceKlass com/android/tools/r8/internal/uy
instanceKlass com/android/tools/r8/internal/Px
instanceKlass com/android/tools/r8/internal/Nx
instanceKlass com/android/tools/r8/internal/z1
instanceKlass com/android/tools/r8/internal/wj0
instanceKlass com/android/tools/r8/internal/Na
instanceKlass com/android/tools/r8/dex/code/d
instanceKlass com/android/tools/r8/dex/code/b
instanceKlass com/android/tools/r8/internal/Jp
instanceKlass com/android/tools/r8/internal/Pf0
instanceKlass com/android/tools/r8/internal/uo
instanceKlass com/android/tools/r8/internal/eA
instanceKlass com/android/tools/r8/internal/Sz
instanceKlass com/android/tools/r8/internal/Kt
instanceKlass com/android/tools/r8/internal/IP
instanceKlass com/android/tools/r8/internal/NM
instanceKlass com/android/tools/r8/internal/Cl
instanceKlass com/android/tools/r8/internal/nQ
instanceKlass com/android/tools/r8/internal/pv
instanceKlass com/android/tools/r8/internal/Jd
instanceKlass com/android/tools/r8/internal/dQ
instanceKlass com/android/tools/r8/internal/bZ
instanceKlass com/android/tools/r8/internal/dA
instanceKlass com/android/tools/r8/internal/hP
instanceKlass com/android/tools/r8/internal/ab
instanceKlass com/android/tools/r8/graph/m4
instanceKlass com/android/tools/r8/internal/eU
instanceKlass com/android/tools/r8/internal/Jn
instanceKlass com/android/tools/r8/internal/kX
instanceKlass com/android/tools/r8/internal/B9
instanceKlass com/android/tools/r8/graph/l4
instanceKlass com/android/tools/r8/internal/Jt
instanceKlass com/android/tools/r8/internal/hC
instanceKlass com/android/tools/r8/graph/b3
instanceKlass com/android/tools/r8/internal/Tz
instanceKlass com/android/tools/r8/internal/jA
instanceKlass com/android/tools/r8/internal/Xi0
instanceKlass com/android/tools/r8/internal/Wi0
instanceKlass com/android/tools/r8/internal/Mq
instanceKlass com/android/tools/r8/internal/SM$a
instanceKlass com/android/tools/r8/internal/Gi0
instanceKlass com/android/tools/r8/references/MethodReference
instanceKlass com/android/tools/r8/ir/optimize/info/y
instanceKlass com/android/tools/r8/internal/VP
instanceKlass com/android/tools/r8/internal/tp
instanceKlass com/android/tools/r8/internal/z9
instanceKlass com/android/tools/r8/dex/code/c
instanceKlass com/android/tools/r8/internal/pn
instanceKlass com/android/tools/r8/internal/sn
instanceKlass com/android/tools/r8/internal/q1
instanceKlass com/android/tools/r8/internal/up
instanceKlass com/android/tools/r8/ir/optimize/f
instanceKlass com/android/tools/r8/synthesis/b
instanceKlass com/android/tools/r8/internal/Fk
instanceKlass com/android/tools/r8/internal/z4
instanceKlass com/android/tools/r8/internal/B2
instanceKlass com/android/tools/r8/internal/A2
instanceKlass com/android/tools/r8/internal/w2
instanceKlass com/android/tools/r8/internal/z2
instanceKlass com/android/tools/r8/androidapi/c
instanceKlass com/android/tools/r8/androidapi/f$a
instanceKlass com/android/tools/r8/androidapi/a
instanceKlass com/android/tools/r8/internal/Y20
instanceKlass com/android/tools/r8/internal/lp
instanceKlass com/android/tools/r8/internal/vL
instanceKlass com/android/tools/r8/internal/wg0
instanceKlass com/android/tools/r8/internal/Ew
instanceKlass com/android/tools/r8/internal/Wm0
instanceKlass com/android/tools/r8/internal/J1
instanceKlass com/android/tools/r8/internal/If0
instanceKlass com/android/tools/r8/internal/Ow
instanceKlass com/android/tools/r8/internal/BZ
instanceKlass com/android/tools/r8/internal/Mw
instanceKlass com/android/tools/r8/internal/iS
instanceKlass com/android/tools/r8/internal/uw
instanceKlass com/android/tools/r8/internal/iw
instanceKlass com/android/tools/r8/internal/lK
instanceKlass com/android/tools/r8/internal/q
instanceKlass com/android/tools/r8/internal/wL
instanceKlass com/android/tools/r8/internal/uL
instanceKlass com/android/tools/r8/internal/yL
instanceKlass com/android/tools/r8/internal/Jv
instanceKlass com/android/tools/r8/internal/pm
instanceKlass com/android/tools/r8/internal/H1
instanceKlass com/android/tools/r8/internal/C1
instanceKlass com/android/tools/r8/internal/Ne
instanceKlass com/android/tools/r8/internal/k40
instanceKlass com/android/tools/r8/internal/i40
instanceKlass com/android/tools/r8/internal/Qm
instanceKlass com/android/tools/r8/internal/d6
instanceKlass com/android/tools/r8/internal/at
instanceKlass com/android/tools/r8/internal/kP
instanceKlass com/android/tools/r8/internal/PT
instanceKlass com/android/tools/r8/internal/Lw
instanceKlass com/android/tools/r8/internal/NO
instanceKlass com/android/tools/r8/internal/Pw
instanceKlass com/android/tools/r8/internal/H
instanceKlass com/android/tools/r8/internal/md0
instanceKlass com/android/tools/r8/internal/jw
instanceKlass com/android/tools/r8/ir/optimize/info/s
instanceKlass com/android/tools/r8/naming/r0
instanceKlass com/android/tools/r8/internal/Il
instanceKlass com/android/tools/r8/internal/RO
instanceKlass com/android/tools/r8/internal/y4
instanceKlass com/android/tools/r8/internal/eO
instanceKlass com/android/tools/r8/internal/P5
instanceKlass com/android/tools/r8/internal/qW
instanceKlass com/android/tools/r8/shaking/l
instanceKlass com/android/tools/r8/shaking/k
instanceKlass com/android/tools/r8/internal/h1
instanceKlass com/android/tools/r8/startup/StartupProfileBuilder
instanceKlass com/android/tools/r8/internal/vf0
instanceKlass com/android/tools/r8/internal/i1
instanceKlass com/android/tools/r8/internal/X6
instanceKlass com/android/tools/r8/profile/art/ArtProfileBuilder
instanceKlass com/android/tools/r8/internal/e4
instanceKlass com/android/tools/r8/internal/He
instanceKlass com/android/tools/r8/internal/os
instanceKlass com/android/tools/r8/internal/IW
instanceKlass com/android/tools/r8/internal/Z5
instanceKlass com/android/tools/r8/internal/V5
instanceKlass com/android/tools/r8/internal/X5
instanceKlass com/android/tools/r8/internal/U5
instanceKlass com/android/tools/r8/internal/D6
instanceKlass com/android/tools/r8/synthesis/E
instanceKlass com/android/tools/r8/synthesis/c
instanceKlass com/android/tools/r8/synthesis/a
instanceKlass com/android/tools/r8/SyntheticInfoConsumerData
instanceKlass com/android/tools/r8/synthesis/Y
instanceKlass com/android/tools/r8/synthesis/r
instanceKlass com/android/tools/r8/synthesis/s
instanceKlass com/android/tools/r8/synthesis/j
instanceKlass com/android/tools/r8/internal/KV
instanceKlass com/android/tools/r8/synthesis/Z
instanceKlass com/android/tools/r8/utils/structural/j
instanceKlass com/android/tools/r8/internal/MV
instanceKlass com/android/tools/r8/internal/gW
instanceKlass com/android/tools/r8/internal/Jq
instanceKlass com/android/tools/r8/a
instanceKlass com/android/tools/r8/internal/VV
instanceKlass com/android/tools/r8/internal/aW
instanceKlass com/android/tools/r8/graph/m1
instanceKlass com/android/tools/r8/graph/U5
instanceKlass com/android/tools/r8/graph/E4
instanceKlass com/android/tools/r8/shaking/Z1
instanceKlass com/android/tools/r8/internal/mW
instanceKlass com/android/tools/r8/shaking/b2
instanceKlass com/android/tools/r8/synthesis/I
instanceKlass com/android/tools/r8/internal/OV
instanceKlass com/android/tools/r8/dex/W
instanceKlass com/android/tools/r8/synthesis/B
instanceKlass com/android/tools/r8/synthesis/z
instanceKlass com/android/tools/r8/synthesis/D
instanceKlass com/android/tools/r8/internal/Zi0
instanceKlass com/android/tools/r8/graph/E3
instanceKlass com/android/tools/r8/graph/z0
instanceKlass com/google/common/util/concurrent/NullnessCasts
instanceKlass com/android/tools/r8/graph/n3
instanceKlass com/android/tools/r8/graph/m3
instanceKlass com/android/tools/r8/graph/I4
instanceKlass com/android/tools/r8/graph/C3$f
instanceKlass com/android/tools/r8/graph/J4
instanceKlass com/android/tools/r8/graph/I4$a
instanceKlass com/android/tools/r8/graph/F3
instanceKlass com/android/tools/r8/graph/j1$a
instanceKlass com/android/tools/r8/internal/Hj0
instanceKlass com/android/tools/r8/internal/hd0
instanceKlass com/android/tools/r8/kotlin/a0
instanceKlass com/android/tools/r8/kotlin/p
instanceKlass com/android/tools/r8/ir/optimize/info/a
instanceKlass com/android/tools/r8/internal/Mn
instanceKlass com/android/tools/r8/internal/bn
instanceKlass com/android/tools/r8/internal/tw
instanceKlass com/android/tools/r8/internal/sB
instanceKlass com/android/tools/r8/internal/rc
instanceKlass com/android/tools/r8/internal/r
instanceKlass com/android/tools/r8/internal/qv
instanceKlass com/android/tools/r8/internal/h0
instanceKlass com/android/tools/r8/androidapi/g
instanceKlass com/android/tools/r8/internal/e6
instanceKlass com/android/tools/r8/androidapi/e
instanceKlass com/android/tools/r8/internal/vD
instanceKlass com/android/tools/r8/graph/B2
instanceKlass com/android/tools/r8/shaking/S2
instanceKlass com/android/tools/r8/kotlin/b0
instanceKlass com/android/tools/r8/naming/V$c
instanceKlass com/android/tools/r8/internal/Gm
instanceKlass com/android/tools/r8/graph/g1$a
instanceKlass com/android/tools/r8/internal/qo
instanceKlass com/android/tools/r8/internal/LY
instanceKlass com/android/tools/r8/internal/Vq
instanceKlass com/android/tools/r8/internal/ji0
instanceKlass com/android/tools/r8/internal/LY$a
instanceKlass com/android/tools/r8/internal/Ak
instanceKlass com/android/tools/r8/ir/optimize/info/h
instanceKlass com/android/tools/r8/internal/P30
instanceKlass com/android/tools/r8/kotlin/d0
instanceKlass com/android/tools/r8/synthesis/l
instanceKlass com/android/tools/r8/kotlin/G
instanceKlass com/android/tools/r8/kotlin/Q
instanceKlass com/android/tools/r8/shaking/b0
instanceKlass com/android/tools/r8/graph/P
instanceKlass com/android/tools/r8/internal/gw
instanceKlass com/android/tools/r8/ir/optimize/info/e
instanceKlass com/android/tools/r8/ir/optimize/info/g
instanceKlass com/android/tools/r8/internal/MR
instanceKlass com/android/tools/r8/internal/Q3
instanceKlass com/android/tools/r8/internal/Q30
instanceKlass com/android/tools/r8/internal/R30
instanceKlass com/android/tools/r8/internal/O30
instanceKlass com/android/tools/r8/internal/ja
instanceKlass com/android/tools/r8/internal/L8
instanceKlass com/android/tools/r8/internal/A9
instanceKlass com/android/tools/r8/graph/C3$h
instanceKlass com/android/tools/r8/graph/C3$g
instanceKlass com/android/tools/r8/androidapi/f
instanceKlass com/android/tools/r8/internal/ro
instanceKlass com/android/tools/r8/dex/t
instanceKlass com/android/tools/r8/graph/Z3
instanceKlass com/android/tools/r8/internal/d60
instanceKlass com/android/tools/r8/internal/Yj0
instanceKlass com/android/tools/r8/internal/u4
instanceKlass com/android/tools/r8/utils/structural/w
instanceKlass com/android/tools/r8/utils/structural/y
instanceKlass com/android/tools/r8/utils/structural/t
instanceKlass com/android/tools/r8/utils/structural/h
instanceKlass com/android/tools/r8/utils/structural/v
instanceKlass com/android/tools/r8/internal/Xg
instanceKlass com/android/tools/r8/graph/C3$i
instanceKlass com/android/tools/r8/graph/C3
instanceKlass com/android/tools/r8/graph/i4
instanceKlass com/android/tools/r8/internal/YX
instanceKlass com/android/tools/r8/internal/I2
instanceKlass com/android/tools/r8/internal/sQ
instanceKlass com/android/tools/r8/internal/M30
instanceKlass com/android/tools/r8/internal/Mp
instanceKlass com/android/tools/r8/internal/aw
instanceKlass com/android/tools/r8/internal/IQ
instanceKlass com/android/tools/r8/internal/rg
instanceKlass com/android/tools/r8/internal/wK
instanceKlass com/android/tools/r8/internal/E4
instanceKlass com/android/tools/r8/internal/kd
instanceKlass com/android/tools/r8/internal/GY
instanceKlass com/android/tools/r8/position/Position
instanceKlass com/google/common/util/concurrent/InterruptibleTask$DoNothingRunnable
instanceKlass com/android/tools/r8/internal/Ni0
instanceKlass com/android/tools/r8/synthesis/K
instanceKlass com/android/tools/r8/graph/D2$a
instanceKlass com/android/tools/r8/graph/C3$b
instanceKlass com/android/tools/r8/graph/C3$d
instanceKlass com/android/tools/r8/graph/e3
instanceKlass com/android/tools/r8/graph/j5
instanceKlass com/android/tools/r8/graph/U
instanceKlass com/android/tools/r8/graph/V
instanceKlass com/android/tools/r8/graph/j4
instanceKlass com/android/tools/r8/internal/wY
instanceKlass com/android/tools/r8/graph/B
instanceKlass com/android/tools/r8/graph/c4
instanceKlass com/android/tools/r8/graph/y0
instanceKlass com/android/tools/r8/internal/jd
instanceKlass com/android/tools/r8/internal/O0
instanceKlass com/android/tools/r8/internal/RM
instanceKlass com/android/tools/r8/internal/sR
instanceKlass com/android/tools/r8/dex/m
instanceKlass com/android/tools/r8/dex/a
instanceKlass com/android/tools/r8/internal/Hi0
instanceKlass com/android/tools/r8/threading/ThreadingModule
instanceKlass com/android/tools/r8/threading/providers/blocking/ThreadingModuleBlockingProvider
instanceKlass com/android/tools/r8/threading/ThreadingModuleProvider
instanceKlass com/android/tools/r8/threading/a
instanceKlass com/android/tools/r8/internal/ti0
instanceKlass com/android/tools/r8/graph/c0
instanceKlass com/android/tools/r8/graph/c1
instanceKlass com/android/tools/r8/dex/c
instanceKlass com/android/tools/r8/internal/dj0
instanceKlass com/android/tools/r8/internal/gj0
instanceKlass com/android/tools/r8/internal/ij0
instanceKlass com/android/tools/r8/internal/Zz
instanceKlass com/android/tools/r8/internal/SM
instanceKlass com/android/tools/r8/profile/art/ArtProfileProvider
instanceKlass com/android/tools/r8/internal/j4
instanceKlass com/android/tools/r8/internal/k00
instanceKlass com/android/tools/r8/internal/Am$a
instanceKlass com/android/tools/r8/internal/Am
instanceKlass com/android/tools/r8/dex/b
instanceKlass com/android/tools/r8/ClassConflictResolver
instanceKlass com/android/tools/r8/internal/Bc
instanceKlass com/android/tools/r8/internal/ew
instanceKlass com/android/tools/r8/inspector/Inspector
instanceKlass com/android/tools/r8/AssertionsConfiguration$Builder
instanceKlass com/android/tools/r8/AssertionsConfiguration
instanceKlass com/android/tools/r8/internal/v4
instanceKlass com/android/tools/r8/internal/ZN
instanceKlass com/android/tools/r8/retrace/ProguardMapProducer
instanceKlass com/android/tools/r8/Y
instanceKlass com/android/tools/r8/internal/Ke0
instanceKlass com/android/tools/r8/internal/Qw
instanceKlass com/android/tools/r8/internal/Kc0
instanceKlass com/android/tools/r8/internal/SN
instanceKlass com/android/tools/r8/internal/TN
instanceKlass com/android/tools/r8/internal/VN
instanceKlass com/android/tools/r8/utils/w$q$b
instanceKlass com/android/tools/r8/utils/w$q$a
instanceKlass com/android/tools/r8/internal/Lj0
instanceKlass com/android/tools/r8/internal/Vg
instanceKlass com/android/tools/r8/graph/y
instanceKlass com/android/tools/r8/shaking/V1
instanceKlass com/android/tools/r8/shaking/n1
instanceKlass com/android/tools/r8/internal/E60
instanceKlass com/android/tools/r8/internal/F60
instanceKlass com/android/tools/r8/dex/t0
instanceKlass com/android/tools/r8/dex/Y
instanceKlass com/android/tools/r8/internal/Mt
instanceKlass com/android/tools/r8/internal/j3
instanceKlass com/android/tools/r8/internal/Ot
instanceKlass com/android/tools/r8/internal/l3
instanceKlass com/android/tools/r8/utils/w$q
instanceKlass com/android/tools/r8/internal/eZ
instanceKlass com/android/tools/r8/internal/uf0
instanceKlass com/android/tools/r8/internal/m4
instanceKlass com/android/tools/r8/utils/w$k
instanceKlass com/android/tools/r8/utils/w$f
instanceKlass com/android/tools/r8/utils/w$a
instanceKlass com/android/tools/r8/utils/y
instanceKlass com/android/tools/r8/internal/d40
instanceKlass com/android/tools/r8/utils/w$o
instanceKlass com/android/tools/r8/utils/w$l
instanceKlass com/android/tools/r8/internal/zn0
instanceKlass com/android/tools/r8/utils/w$h
instanceKlass com/android/tools/r8/internal/JC
instanceKlass com/android/tools/r8/internal/Hd0
instanceKlass com/android/tools/r8/internal/qi0
instanceKlass com/android/tools/r8/utils/w$i
instanceKlass com/android/tools/r8/utils/w$e
instanceKlass com/android/tools/r8/utils/w$d
instanceKlass com/android/tools/r8/utils/w$c
instanceKlass com/android/tools/r8/utils/w$p
instanceKlass com/android/tools/r8/internal/R1
instanceKlass com/android/tools/r8/utils/w$m
instanceKlass com/android/tools/r8/utils/z
instanceKlass com/android/tools/r8/ResourceShrinkerConfiguration
instanceKlass com/android/tools/r8/internal/cm
instanceKlass com/android/tools/r8/internal/eb
instanceKlass com/android/tools/r8/internal/dl0
instanceKlass com/android/tools/r8/graph/s4
instanceKlass com/android/tools/r8/graph/f0
instanceKlass com/android/tools/r8/graph/t4
instanceKlass com/android/tools/r8/graph/h0
instanceKlass com/android/tools/r8/graph/a4
instanceKlass com/android/tools/r8/graph/h
instanceKlass com/android/tools/r8/internal/OC
instanceKlass com/android/tools/r8/internal/ON
instanceKlass com/android/tools/r8/utils/w
instanceKlass com/android/tools/r8/shaking/L0
instanceKlass com/android/tools/r8/internal/wg
instanceKlass com/android/tools/r8/internal/B1
instanceKlass com/android/tools/r8/graph/w0
instanceKlass com/android/tools/r8/dex/k
instanceKlass com/android/tools/r8/graph/x0
instanceKlass com/android/tools/r8/graph/d1
instanceKlass com/android/tools/r8/D8
instanceKlass com/android/tools/r8/DataResourceProvider
instanceKlass com/android/tools/r8/utils/i
instanceKlass com/android/tools/r8/synthesis/i
instanceKlass com/android/tools/r8/InputDependencyGraphConsumer
instanceKlass com/android/tools/r8/shaking/d3
instanceKlass com/android/tools/r8/internal/gt
instanceKlass com/android/tools/r8/internal/rt
instanceKlass com/android/tools/r8/internal/bt
instanceKlass com/android/tools/r8/kotlin/f
instanceKlass com/android/tools/r8/kotlin/e
instanceKlass com/android/tools/r8/kotlin/d
instanceKlass com/android/tools/r8/internal/U0
instanceKlass com/android/tools/r8/kotlin/c
instanceKlass com/android/tools/r8/kotlin/g
instanceKlass com/android/tools/r8/internal/Gs
instanceKlass com/android/tools/r8/internal/vW
instanceKlass com/android/tools/r8/internal/Os
instanceKlass com/android/tools/r8/synthesis/P
instanceKlass com/android/tools/r8/internal/Ls
instanceKlass com/android/tools/r8/references/TypeReference
instanceKlass com/android/tools/r8/synthesis/Q$b
instanceKlass com/android/tools/r8/synthesis/Q
instanceKlass com/android/tools/r8/graph/n2
instanceKlass com/android/tools/r8/graph/k2
instanceKlass com/android/tools/r8/graph/e2
instanceKlass com/android/tools/r8/graph/V1
instanceKlass com/android/tools/r8/graph/i2
instanceKlass com/android/tools/r8/graph/g2
instanceKlass com/android/tools/r8/graph/A1
instanceKlass com/android/tools/r8/graph/h2
instanceKlass com/android/tools/r8/graph/N1
instanceKlass com/android/tools/r8/graph/d2
instanceKlass com/android/tools/r8/graph/S1
instanceKlass com/android/tools/r8/graph/Q1
instanceKlass com/android/tools/r8/graph/R1
instanceKlass com/android/tools/r8/graph/g
instanceKlass com/android/tools/r8/graph/B5
instanceKlass com/android/tools/r8/graph/K1
instanceKlass com/android/tools/r8/graph/c2
instanceKlass com/android/tools/r8/graph/I1
instanceKlass com/android/tools/r8/graph/H1
instanceKlass com/android/tools/r8/graph/z1
instanceKlass com/android/tools/r8/graph/B1$d
instanceKlass com/android/tools/r8/graph/j2
instanceKlass com/android/tools/r8/graph/E1
instanceKlass com/android/tools/r8/graph/B1$b
instanceKlass com/android/tools/r8/graph/f2
instanceKlass com/android/tools/r8/internal/hA
instanceKlass com/android/tools/r8/internal/iA
instanceKlass com/android/tools/r8/graph/m2
instanceKlass com/android/tools/r8/internal/Xt
instanceKlass com/android/tools/r8/graph/y4
instanceKlass com/android/tools/r8/graph/D4
instanceKlass com/android/tools/r8/graph/G0
instanceKlass com/android/tools/r8/internal/nu
instanceKlass com/android/tools/r8/internal/vr
instanceKlass com/android/tools/r8/internal/VW
instanceKlass com/android/tools/r8/internal/Bu
instanceKlass com/android/tools/r8/internal/Zj
instanceKlass com/google/common/collect/AbstractIterator$1
instanceKlass com/android/tools/r8/internal/Ms
instanceKlass com/android/tools/r8/internal/rA
instanceKlass com/android/tools/r8/internal/Uz
instanceKlass com/android/tools/r8/internal/iW
instanceKlass com/android/tools/r8/internal/WV
instanceKlass com/google/common/collect/FluentIterable
instanceKlass com/android/tools/r8/internal/q50
instanceKlass com/android/tools/r8/internal/Wc0
instanceKlass com/android/builder/internal/aapt/AaptUtils
instanceKlass com/android/tools/r8/internal/uC
instanceKlass com/android/tools/r8/internal/gv
instanceKlass com/android/tools/r8/internal/Rs
instanceKlass com/android/tools/r8/internal/dZ
instanceKlass com/android/tools/r8/internal/Yd
instanceKlass com/android/tools/r8/internal/F0
instanceKlass com/android/tools/r8/internal/fm0
instanceKlass com/android/tools/r8/internal/UV
instanceKlass com/android/tools/r8/graph/D5
instanceKlass com/android/tools/r8/graph/y5
instanceKlass com/android/tools/r8/graph/E5
instanceKlass com/android/tools/r8/graph/z5
instanceKlass com/android/tools/r8/graph/b0
instanceKlass com/android/tools/r8/graph/S
instanceKlass com/android/tools/r8/graph/o0
instanceKlass com/android/tools/r8/internal/t1
instanceKlass com/android/tools/r8/utils/structural/a
instanceKlass com/android/tools/r8/utils/structural/A
instanceKlass com/android/tools/r8/utils/structural/o
instanceKlass com/android/tools/r8/utils/structural/n
instanceKlass com/android/tools/r8/internal/O6
instanceKlass com/android/tools/r8/internal/Tk0
instanceKlass com/android/tools/r8/internal/dz
instanceKlass com/android/tools/r8/internal/P
instanceKlass com/android/tools/r8/internal/Sy
instanceKlass com/android/tools/r8/internal/jr
instanceKlass com/android/tools/r8/graph/a2
instanceKlass com/android/tools/r8/internal/Q5
instanceKlass com/android/tools/r8/graph/B1
instanceKlass com/android/tools/r8/utils/structural/r
instanceKlass com/android/tools/r8/internal/wo
instanceKlass com/android/tools/r8/internal/wo$a
instanceKlass com/android/builder/internal/aapt/v2/AaptV2CommandBuilder$makeLinkCommand$$inlined$sortedBy$1
instanceKlass com/android/tools/r8/internal/l7
instanceKlass com/android/builder/internal/aapt/v2/AaptV2CommandBuilder
instanceKlass com/android/builder/internal/aapt/v2/Aapt2DaemonUtil
instanceKlass com/android/tools/r8/internal/WA
instanceKlass com/android/builder/internal/aapt/v2/Aapt2DaemonImpl$WaitForTaskCompletion
instanceKlass com/android/builder/dexing/D8GlobalSyntheticsConsumer
instanceKlass com/android/tools/r8/internal/fm
instanceKlass com/android/tools/r8/internal/yX
instanceKlass com/android/tools/r8/internal/Bh0
instanceKlass com/android/tools/r8/internal/Op
instanceKlass com/android/builder/dexing/DexIndexed
instanceKlass com/android/tools/r8/ProgramResource$ByteResource
instanceKlass com/android/tools/r8/ProgramResource
instanceKlass com/android/builder/dexing/NoCacheJarClassFileEntry
instanceKlass com/android/tools/r8/utils/j$a
instanceKlass com/android/tools/r8/t0
instanceKlass com/android/tools/r8/DataResource
instanceKlass com/android/tools/r8/graph/i5
instanceKlass com/android/tools/r8/utils/structural/x
instanceKlass com/android/tools/r8/utils/structural/s
instanceKlass com/android/tools/r8/utils/structural/k
instanceKlass com/android/tools/r8/graph/n1
instanceKlass com/android/tools/r8/internal/sM
instanceKlass com/android/tools/r8/DataResourceProvider$Visitor
instanceKlass com/android/tools/r8/internal/vd
instanceKlass com/android/tools/r8/Resource
instanceKlass com/android/tools/r8/utils/j
instanceKlass com/android/tools/r8/internal/V60
instanceKlass com/android/tools/r8/ProgramResourceProvider
instanceKlass com/android/tools/r8/StringConsumer
instanceKlass com/android/tools/r8/ClassFileConsumer$ForwardingConsumer
instanceKlass com/android/tools/r8/ClassFileConsumer
instanceKlass com/android/tools/r8/DexFilePerClassFileConsumer$ForwardingConsumer
instanceKlass com/android/tools/r8/DexFilePerClassFileConsumer
instanceKlass com/android/tools/r8/U
instanceKlass com/android/tools/r8/DataResourceConsumer
instanceKlass com/android/tools/r8/DexIndexedConsumer$ForwardingConsumer
instanceKlass com/android/tools/r8/DexIndexedConsumer
instanceKlass com/android/tools/r8/ByteBufferProvider
instanceKlass com/android/tools/r8/PartitionMapConsumer
instanceKlass com/android/tools/r8/ProgramConsumer
instanceKlass com/android/tools/r8/internal/Wk
instanceKlass com/google/common/util/concurrent/OverflowAvoidingLockSupport
instanceKlass com/android/tools/r8/internal/Eu
instanceKlass com/android/utils/GrabProcessOutput
instanceKlass com/android/tools/r8/Diagnostic
instanceKlass com/android/tools/r8/BaseCommand$Builder
instanceKlass com/android/builder/internal/aapt/v2/Aapt2DaemonImpl$WaitForReadyOnStdOut
instanceKlass com/android/builder/internal/aapt/v2/Aapt2Daemon$WhenMappings
instanceKlass com/android/builder/internal/aapt/v2/Aapt2DaemonManager$LeasedAaptDaemon
instanceKlass com/android/build/gradle/internal/services/Aapt2DaemonManagerMaintainer$firstDaemonStarted$2
instanceKlass com/android/tools/r8/naming/Q
instanceKlass com/android/tools/r8/I
instanceKlass com/android/build/gradle/internal/services/Aapt2DaemonManagerMaintainer$firstDaemonStarted$1
instanceKlass com/android/builder/internal/aapt/v2/Aapt2DaemonManager$LeasableAaptDaemon
instanceKlass com/android/tools/r8/internal/zm
instanceKlass com/android/builder/internal/aapt/v2/Aapt2DaemonImpl$processOutput$1
instanceKlass com/android/tools/r8/BaseCommand
instanceKlass com/android/builder/internal/aapt/v2/Aapt2DaemonImpl$NoOutputExpected
instanceKlass com/android/utils/GrabProcessOutput$IProcessOutput
instanceKlass com/android/tools/r8/origin/Origin
instanceKlass com/android/builder/internal/aapt/v2/Aapt2Daemon
instanceKlass com/android/builder/dexing/D8DiagnosticsHandler
instanceKlass com/android/build/gradle/internal/res/Aapt2ProcessResourcesRunnableKt
instanceKlass com/android/builder/internal/aapt/AaptPackageConfig
instanceKlass com/android/build/gradle/internal/dependency/BaseDexingTransform$process$1$1$1
instanceKlass com/android/builder/dexing/ClassFileEntry
instanceKlass com/android/builder/dexing/JarClassFileInput
instanceKlass com/android/builder/dexing/ClassFileInput
instanceKlass com/android/builder/dexing/ClassFileInputs
instanceKlass com/android/tools/r8/DesugarGraphConsumer
instanceKlass com/android/tools/r8/GlobalSyntheticsConsumer
instanceKlass com/android/builder/dexing/DexOutputMode
instanceKlass com/android/tools/r8/DiagnosticsHandler
instanceKlass com/android/builder/dexing/DexParameters
instanceKlass com/android/builder/internal/aapt/AaptPackageConfig$Builder
instanceKlass com/android/build/gradle/internal/utils/DesugarConfigJson$Companion
instanceKlass com/android/build/gradle/internal/utils/DesugarConfigJson
instanceKlass com/android/build/gradle/internal/services/PartialInProcessResourceProcessor
instanceKlass com/android/build/gradle/internal/services/Aapt2DaemonBuildService$getManager$2$1
instanceKlass com/android/builder/dexing/r8/ClassFileProviderFactory$OrderedClassFileResourceProvider
instanceKlass com/android/builder/internal/aapt/v2/Aapt2DaemonManager$leasingAapt2Daemon$1
instanceKlass com/android/tools/r8/ClassFileResourceProvider
instanceKlass com/android/build/gradle/internal/services/Aapt2DaemonManagerMaintainer
instanceKlass com/android/builder/dexing/r8/ClassFileProviderFactory
instanceKlass com/android/builder/internal/aapt/v2/Aapt2DaemonManager$Listener
instanceKlass com/android/builder/dexing/DexArchiveBuilder$Companion
instanceKlass com/android/builder/dexing/DexArchiveBuilder
instanceKlass com/android/builder/internal/aapt/v2/Aapt2DaemonManager
instanceKlass com/android/build/gradle/internal/dependency/DexingTransformKt
instanceKlass com/android/build/gradle/internal/services/Aapt2DaemonServiceKey
instanceKlass com/android/build/gradle/internal/workeractions/WorkerActionServiceRegistry$ServiceKey
instanceKlass com/android/builder/internal/aapt/v2/Aapt2
instanceKlass com/android/builder/dexing/DexUtilsKt
instanceKlass com/android/builder/internal/aapt/v2/Aapt2DaemonTimeouts
instanceKlass com/android/build/gradle/internal/workeractions/WorkerActionServiceRegistry
instanceKlass com/android/build/gradle/internal/services/Aapt2Daemon
instanceKlass com/android/build/gradle/internal/dependency/DexingOutputSplitTransform$Parameters$Inject
instanceKlass com/android/build/gradle/internal/dependency/BaseDexingTransform$Parameters$Inject
instanceKlass com/google/common/collect/ImmutableList$SerializedForm
instanceKlass com/android/builder/internal/aapt/AaptOptions
instanceKlass com/android/build/gradle/internal/res/LinkApplicationAndroidResourcesTask$doFullTaskAction$1
instanceKlass com/android/build/gradle/internal/dependency/AarResourcesCompilerTransform$Parameters$Inject
instanceKlass com/android/build/gradle/internal/services/Aapt2Input$Inject
instanceKlass com/android/build/gradle/internal/api/BaselineProfiles$Companion
instanceKlass com/android/build/gradle/internal/api/BaselineProfiles
instanceKlass com/android/build/gradle/internal/tasks/MergeArtProfileTask$doTaskAction$1
instanceKlass org/gradle/api/internal/artifacts/transform/AbstractTransformExecution$3
instanceKlass org/gradle/api/internal/artifacts/transform/TransformExecutionResultSerializer$1
instanceKlass org/gradle/api/internal/artifacts/transform/DefaultTransformOutputs$1
instanceKlass com/android/build/gradle/internal/dependency/AarTransform$1
instanceKlass org/gradle/api/internal/artifacts/transform/TransformExecutionResult$OutputTypeInferringBuilder
instanceKlass org/gradle/api/internal/artifacts/transform/DefaultTransformOutputs
instanceKlass org/gradle/api/internal/artifacts/transform/TransformOutputsInternal
instanceKlass org/gradle/api/internal/artifacts/transform/DefaultTransform$TransformServiceLookup$InjectionPoint
instanceKlass org/gradle/api/internal/artifacts/transform/DefaultTransform$TransformServiceLookup
instanceKlass org/gradle/operations/dependencies/transforms/ExecuteTransformActionBuildOperationType$2
instanceKlass org/gradle/operations/dependencies/transforms/ExecuteTransformActionBuildOperationType$1
instanceKlass org/gradle/operations/dependencies/transforms/ExecuteTransformActionBuildOperationType$Result
instanceKlass org/gradle/operations/dependencies/transforms/ExecuteTransformActionBuildOperationType$Details
instanceKlass org/gradle/operations/dependencies/transforms/ExecuteTransformActionBuildOperationType
instanceKlass org/gradle/api/internal/artifacts/transform/AbstractTransformExecution$2
instanceKlass org/gradle/operations/execution/FilePropertyVisitor
instanceKlass org/gradle/operations/dependencies/transforms/SnapshotTransformInputsBuildOperationType$Result
instanceKlass sun/invoke/util/ValueConversions$1
instanceKlass sun/invoke/util/ValueConversions$WrapperCache
instanceKlass org/gradle/internal/classpath/declarations/Handles
instanceKlass com/android/build/gradle/internal/tasks/CheckDuplicateClassesDelegate
instanceKlass com/android/build/gradle/internal/tasks/CheckDuplicatesParams
instanceKlass com/android/build/gradle/internal/tasks/CheckDuplicateClassesTask$doTaskAction$1
instanceKlass com/android/build/gradle/internal/tasks/CheckDuplicatesRunnable
instanceKlass com/android/build/gradle/internal/dependency/IdentityTransform$Parameters$Inject
instanceKlass com/android/build/gradle/internal/dependency/AarToClassTransform$Params$Inject
instanceKlass com/android/build/gradle/internal/tasks/Workers$WorkerExecutorAdapter$submit$1
instanceKlass com/android/ide/common/resources/MergedAssetWriter$AssetWorkParameters
instanceKlass com/android/ide/common/resources/MergedAssetWriter$AssetWorkAction
instanceKlass com/android/build/api/variant/impl/LayeredSourceDirectoriesImpl$getAscendingOrderAssetSets$1$1$1$2
instanceKlass com/android/build/api/variant/impl/LayeredSourceDirectoriesImpl$getAscendingOrderAssetSets$1$1$1$1
instanceKlass com/android/build/gradle/ProguardFiles$1
instanceKlass com/google/common/io/ByteArrayDataOutput
instanceKlass com/google/common/io/ByteArrayDataInput
instanceKlass com/google/common/io/ByteStreams
instanceKlass com/google/common/io/CharSource
instanceKlass com/google/common/hash/PrimitiveSink
instanceKlass com/google/common/io/Resources
instanceKlass com/android/build/gradle/tasks/XmlDocumentUtilsKt
instanceKlass com/android/build/gradle/internal/tasks/NonIncrementalGlobalTask$taskAction$$inlined$recordTaskAction$1
instanceKlass com/android/build/api/artifact/impl/ArtifactTransformationRequestImpl$submit$4
instanceKlass com/android/build/gradle/tasks/ProcessPackagedManifestTask$WorkItemParameters$Inject
instanceKlass com/android/build/gradle/tasks/ProcessPackagedManifestTask$WorkItemParameters_Decorated
instanceKlass com/android/build/gradle/tasks/ProcessPackagedManifestTask$WorkItemParameters
instanceKlass com/android/build/gradle/internal/workeractions/DecoratedWorkParameters
instanceKlass com/android/build/api/artifact/impl/ArtifactTransformationRequestImpl$submit$2$1
instanceKlass com/android/build/gradle/tasks/ProcessPackagedManifestTask$WorkItem
instanceKlass com/android/build/gradle/internal/workeractions/WorkActionAdapter
instanceKlass com/android/build/api/variant/impl/BuiltArtifactImpl$Companion
instanceKlass com/android/build/api/variant/impl/SerializableApplicationMultiOutputHandler
instanceKlass com/android/build/gradle/internal/api/artifact/ArtifactTypeUtils
instanceKlass com/android/ide/common/build/ListingFileRedirect
instanceKlass com/android/build/api/variant/impl/BuiltArtifactsLoaderImpl$Companion
instanceKlass com/android/build/api/variant/impl/BuiltArtifactsLoaderImpl
instanceKlass com/android/build/api/variant/BuiltArtifactsLoader
instanceKlass com/google/common/io/Java8Compatibility
instanceKlass com/google/common/io/CharStreams
instanceKlass com/google/common/io/LineBuffer
instanceKlass com/google/common/io/LineReader
instanceKlass com/google/common/collect/ImmutableMultimap$Builder
instanceKlass com/android/ide/common/xml/XmlAttributeSortOrder$3
instanceKlass com/android/ide/common/xml/XmlPrettyPrinter
instanceKlass com/android/ide/common/xml/XmlAttributeSortOrder$2
instanceKlass com/android/ide/common/xml/XmlAttributeSortOrder$1
instanceKlass com/android/ide/common/xml/XmlFormatPreferences
instanceKlass com/google/common/base/Optional
instanceKlass com/android/manifmerger/ToolsInstructionsCleaner
instanceKlass com/android/manifmerger/PostValidator$1
instanceKlass com/android/manifmerger/PostValidator
instanceKlass com/android/manifmerger/ElementsTrimmer
instanceKlass com/android/manifmerger/NavGraphExpander
instanceKlass com/android/manifmerger/DeepLink$Companion
instanceKlass com/android/manifmerger/DeepLink
instanceKlass com/google/gson/internal/$Gson$Types$GenericArrayTypeImpl
instanceKlass com/android/manifmerger/NavigationXmlDocumentData
instanceKlass com/android/manifmerger/XmlDocument$KeyAndReason
instanceKlass com/android/manifmerger/XmlElement$1
instanceKlass com/android/manifmerger/ManifestSystemPropertyKt$createOrGetElement$1
instanceKlass com/android/manifmerger/ManifestSystemPropertyKt
instanceKlass com/android/manifmerger/ManifestSystemProperty$Companion
instanceKlass com/android/manifmerger/PreValidator
instanceKlass com/google/common/collect/CollectSpliterators$1
instanceKlass com/google/common/collect/CollectSpliterators
instanceKlass com/android/manifmerger/ManifestMerger2$ManifestDocumentProvider
instanceKlass com/android/manifmerger/Actions
instanceKlass com/android/manifmerger/ConvertibleName
instanceKlass com/android/manifmerger/Actions$Record
instanceKlass com/android/manifmerger/Actions$DecisionTreeRecord
instanceKlass com/android/manifmerger/XmlNode$Name
instanceKlass com/android/manifmerger/PlaceholderHandler
instanceKlass com/android/manifmerger/XmlElement$ElementOperationsAndMergeRuleMarkers
instanceKlass com/android/manifmerger/AttributeModel$Hexadecimal32Bits
instanceKlass com/android/manifmerger/ManifestModel$TwoAttributesBasedKeyResolver
instanceKlass com/android/manifmerger/AttributeModel$SeparatedValuesValidator
instanceKlass com/android/manifmerger/CompositeNodeKeyResolver
instanceKlass com/android/manifmerger/ManifestModel$NodeTypes$1
instanceKlass com/android/manifmerger/XmlNode$NamespaceAwareName
instanceKlass com/android/manifmerger/AttributeModel$Builder
instanceKlass com/google/common/base/Suppliers$MemoizingSupplier
instanceKlass com/google/common/base/Suppliers$NonSerializableMemoizingSupplier
instanceKlass com/android/manifmerger/XmlNode$NodeKey
instanceKlass com/android/manifmerger/XmlNode$NodeName
instanceKlass com/android/manifmerger/XmlNode
instanceKlass com/android/manifmerger/XmlDocument
instanceKlass com/android/manifmerger/XmlLoader
instanceKlass com/android/manifmerger/ManifestMerger2$SelectorResolver
instanceKlass com/android/manifmerger/ActionRecorder
instanceKlass com/android/manifmerger/MergingReport$Builder
instanceKlass com/android/manifmerger/AttributeModel$5
instanceKlass com/android/manifmerger/AttributeModel$4
instanceKlass com/android/manifmerger/AttributeModel$3
instanceKlass com/android/manifmerger/AttributeModel$2
instanceKlass com/android/manifmerger/AttributeModel$1
instanceKlass com/android/manifmerger/AttributeModel$MergingPolicy
instanceKlass com/android/manifmerger/AttributeModel
instanceKlass com/android/manifmerger/AttributeModel$BooleanValidator
instanceKlass com/android/manifmerger/AttributeModel$Validator
instanceKlass com/android/manifmerger/ManifestModel$2
instanceKlass com/android/manifmerger/ManifestModel$1
instanceKlass com/android/manifmerger/ManifestModel$NoKeyNodeResolver
instanceKlass com/android/manifmerger/ManifestModel$AttributeBasedNodeKeyResolver
instanceKlass com/android/manifmerger/NodeKeyResolver
instanceKlass com/android/manifmerger/ManifestModel
instanceKlass com/android/manifmerger/ManifestMerger2$MapBasedKeyBasedValueResolver
instanceKlass com/android/manifmerger/ManifestMerger2$ProcessCancellationChecker
instanceKlass com/android/manifmerger/ManifestMerger2$FileStreamProvider
instanceKlass com/android/manifmerger/ManifestSystemProperty
instanceKlass com/android/manifmerger/ManifestMerger2$AutoAddingProperty
instanceKlass com/android/manifmerger/ManifestMerger2$ManifestInfo
instanceKlass com/android/manifmerger/PlaceholderHandler$KeyBasedValueResolver
instanceKlass com/android/manifmerger/KeyResolver
instanceKlass com/android/manifmerger/DocumentModel
instanceKlass com/android/manifmerger/ManifestMerger2
instanceKlass com/android/build/gradle/internal/tasks/manifest/ManifestHelperKt
instanceKlass com/android/build/gradle/internal/tasks/manifest/ManifestProviderImpl
instanceKlass com/android/manifmerger/ManifestProvider
instanceKlass android/databinding/tool/store/GenClassInfoLog$GenClassImpl$Companion
instanceKlass android/databinding/tool/store/GenClassInfoLog$GenClassImpl
instanceKlass com/google/gson/internal/ConstructorConstructor$11
instanceKlass com/squareup/javapoet/LineWrapper$1
instanceKlass com/squareup/javapoet/JavaFile$Builder
instanceKlass com/squareup/javapoet/JavaFile$1
instanceKlass com/squareup/javapoet/JavaFile
instanceKlass com/squareup/javapoet/CodeBlock$CodeBlockJoiner
instanceKlass android/databinding/tool/writer/JavaFileGenerator$bind$1$WhenMappings
instanceKlass com/squareup/javapoet/ParameterSpec$Builder
instanceKlass com/squareup/javapoet/ParameterSpec
instanceKlass com/squareup/javapoet/MethodSpec$Builder
instanceKlass com/squareup/javapoet/MethodSpec
instanceKlass com/squareup/javapoet/AnnotationSpec$Builder
instanceKlass com/squareup/javapoet/AnnotationSpec
instanceKlass com/squareup/javapoet/FieldSpec$Builder
instanceKlass com/squareup/javapoet/FieldSpec
instanceKlass com/squareup/javapoet/CodeBlock$Builder
instanceKlass com/squareup/javapoet/CodeBlock
instanceKlass com/squareup/javapoet/TypeSpec$Builder
instanceKlass com/squareup/javapoet/TypeSpec
instanceKlass com/squareup/javapoet/NameAllocator
instanceKlass android/databinding/tool/writer/JavaFileGenerator
instanceKlass android/databinding/tool/writer/ViewBinderGenerateJavaKt
instanceKlass android/databinding/tool/writer/ViewBinder
instanceKlass android/databinding/tool/writer/ViewBinder$RootNode
instanceKlass android/databinding/tool/ext/Javapoet_extKt
instanceKlass android/databinding/tool/writer/CommonKt
instanceKlass android/databinding/tool/writer/ViewBinding
instanceKlass android/databinding/tool/writer/ResourceReference
instanceKlass android/databinding/tool/writer/ViewBinderKt
instanceKlass android/databinding/tool/ext/Collection_extKt
instanceKlass android/databinding/tool/ext/XmlResourceReference
instanceKlass com/squareup/javapoet/LineWrapper
instanceKlass com/squareup/javapoet/CodeWriter
instanceKlass com/squareup/javapoet/Util
instanceKlass com/squareup/javapoet/TypeName
instanceKlass android/databinding/tool/ext/Replacement
instanceKlass android/databinding/tool/ext/ExtKt
instanceKlass android/databinding/tool/writer/BaseLayoutModel$COMPARE_FIELD_NAME$1
instanceKlass android/databinding/tool/writer/BaseLayoutModel
instanceKlass android/databinding/tool/BaseDataBinder$generateAll$2
instanceKlass androidx/databinding/Untaggable
instanceKlass androidx/databinding/InverseMethod
instanceKlass androidx/databinding/InverseBindingMethods
instanceKlass androidx/databinding/InverseBindingAdapter
instanceKlass androidx/databinding/BindingConversion
instanceKlass androidx/databinding/BindingMethods
instanceKlass androidx/databinding/BindingAdapter
instanceKlass androidx/databinding/Bindable
instanceKlass android/databinding/tool/LibTypes$Companion
instanceKlass android/databinding/tool/LibTypes
instanceKlass android/databinding/tool/store/LayoutInfoLog$addAll$1
instanceKlass android/databinding/tool/store/GenClassInfoLog$GenClass
instanceKlass android/databinding/tool/util/FileUtil$listAndSortFiles$$inlined$sortedBy$1
instanceKlass org/apache/commons/io/function/IOBiFunction
instanceKlass org/apache/commons/io/file/Counters$NoopCounter
instanceKlass org/apache/commons/io/file/Counters$AbstractPathCounters
instanceKlass org/apache/commons/io/file/Counters$Counter
instanceKlass org/apache/commons/io/file/Counters$PathCounters
instanceKlass org/apache/commons/io/file/Counters
instanceKlass org/apache/commons/io/filefilter/TrueFileFilter
instanceKlass android/databinding/tool/store/V1CompatLayoutInfoLoader$IntermediateV1Compat
instanceKlass android/databinding/tool/store/V1CompatLayoutInfoLoader$Companion
instanceKlass android/databinding/tool/store/V1CompatLayoutInfoLoader
instanceKlass com/sun/xml/bind/v2/util/XmlFactory$1
instanceKlass com/sun/xml/bind/v2/util/XmlFactory
instanceKlass android/databinding/tool/util/FileUtil$listAndSortFiles$$inlined$sortedBy$2
instanceKlass org/apache/commons/io/filefilter/ConditionalFileFilter
instanceKlass org/apache/commons/io/FilenameUtils
instanceKlass org/apache/commons/io/filefilter/AbstractFileFilter
instanceKlass org/apache/commons/io/file/PathVisitor
instanceKlass org/apache/commons/io/function/Uncheck
instanceKlass org/apache/commons/io/function/IOFunction
instanceKlass android/databinding/tool/util/FileUtil
instanceKlass android/databinding/tool/store/GenClassInfoLog$Companion
instanceKlass android/databinding/tool/store/GenClassInfoLog
instanceKlass android/databinding/tool/store/LayoutInfoLog$Companion
instanceKlass android/databinding/tool/store/LayoutInfoLog
instanceKlass android/databinding/tool/store/LayoutInfoInput$Companion
instanceKlass android/databinding/tool/store/LayoutInfoInput
instanceKlass android/databinding/tool/BaseDataBinder
instanceKlass com/android/build/gradle/internal/tasks/databinding/DataBindingGenBaseClassesTask$CodeGenerator$initLogger$1
instanceKlass com/android/ide/common/symbols/SymbolIo$1
instanceKlass com/android/build/gradle/internal/services/SymbolTableBuildService$FileCacheKey
instanceKlass com/google/common/cache/CacheBuilderSpec$1
instanceKlass com/google/common/cache/CacheBuilderSpec$DurationParser
instanceKlass com/google/common/cache/CacheBuilderSpec$RecordStatsParser
instanceKlass com/google/common/cache/CacheBuilderSpec$ValueStrengthParser
instanceKlass com/google/common/cache/CacheBuilderSpec$KeyStrengthPars